\BOOKMARK [0][-]{chapter*.2}{Abstract}{}% 1
\BOOKMARK [0][-]{chapter*.3}{Acknowledgment}{}% 2
\BOOKMARK [0][-]{chapter*.4}{List of Figures}{}% 3
\BOOKMARK [0][-]{chapter*.6}{List of Abbreviations}{}% 4
\BOOKMARK [0][-]{chapter.1}{Introduction}{}% 5
\BOOKMARK [1][-]{section.1.1}{Background}{chapter.1}% 6
\BOOKMARK [2][-]{subsection.1.1.1}{Insurance}{section.1.1}% 7
\BOOKMARK [2][-]{subsection.1.1.2}{Definition of Non-Life Insurance }{section.1.1}% 8
\BOOKMARK [2][-]{subsection.1.1.3}{Principle of Insurance}{section.1.1}% 9
\BOOKMARK [2][-]{subsection.1.1.4}{Insurance Risk}{section.1.1}% 10
\BOOKMARK [1][-]{section.1.2}{Crystal Report}{chapter.1}% 11
\BOOKMARK [1][-]{section.1.3}{Problem Statement}{chapter.1}% 12
\BOOKMARK [1][-]{section.1.4}{Objectives}{chapter.1}% 13
\BOOKMARK [1][-]{section.1.5}{Application}{chapter.1}% 14
\BOOKMARK [1][-]{section.1.6}{Project Features}{chapter.1}% 15
\BOOKMARK [1][-]{section.1.7}{Feasibility Analysis}{chapter.1}% 16
\BOOKMARK [2][-]{subsection.1.7.1}{Economic Feasibility}{section.1.7}% 17
\BOOKMARK [2][-]{subsection.1.7.2}{Technical Feasibility}{section.1.7}% 18
\BOOKMARK [2][-]{subsection.1.7.3}{Operational Feasibility}{section.1.7}% 19
\BOOKMARK [1][-]{section.1.8}{System Requirement}{chapter.1}% 20
\BOOKMARK [2][-]{subsection.1.8.1}{Software Requirement}{section.1.8}% 21
\BOOKMARK [2][-]{subsection.1.8.2}{Hardware Requirement}{section.1.8}% 22
\BOOKMARK [0][-]{chapter.2}{Literature Review}{}% 23
\BOOKMARK [1][-]{section.2.1}{Sisense}{chapter.2}% 24
\BOOKMARK [2][-]{subsection.2.1.1}{How Sisense work}{section.2.1}% 25
\BOOKMARK [1][-]{section.2.2}{Qlik Sense}{chapter.2}% 26
\BOOKMARK [2][-]{subsection.2.2.1}{How does Qlik sense work}{section.2.2}% 27
\BOOKMARK [0][-]{chapter.3}{Theory}{}% 28
\BOOKMARK [1][-]{section.3.1}{Bayes' Theorem}{chapter.3}% 29
\BOOKMARK [1][-]{section.3.2}{Classification}{chapter.3}% 30
\BOOKMARK [1][-]{section.3.3}{Bayesian Classification}{chapter.3}% 31
\BOOKMARK [2][-]{subsection.3.3.1}{Learning Models}{section.3.3}% 32
\BOOKMARK [1][-]{section.3.4}{Na\357ve Bayesian Classifier}{chapter.3}% 33
\BOOKMARK [1][-]{section.3.5}{Data Pre-Processing}{chapter.3}% 34
\BOOKMARK [2][-]{subsection.3.5.1}{Measure of data Quality}{section.3.5}% 35
\BOOKMARK [2][-]{subsection.3.5.2}{Major Task in Data Pre-processing}{section.3.5}% 36
\BOOKMARK [2][-]{subsection.3.5.3}{Data Smoothing}{section.3.5}% 37
\BOOKMARK [2][-]{subsection.3.5.4}{SOMTE Technique}{section.3.5}% 38
\BOOKMARK [1][-]{section.3.6}{Confusion Matrix}{chapter.3}% 39
\BOOKMARK [1][-]{section.3.7}{Implementing Algorithm}{chapter.3}% 40
\BOOKMARK [0][-]{chapter.4}{Methodology}{}% 41
\BOOKMARK [1][-]{section.4.1}{E-R Diagram}{chapter.4}% 42
\BOOKMARK [1][-]{section.4.2}{Flow Chart}{chapter.4}% 43
\BOOKMARK [1][-]{section.4.3}{Use-Case}{chapter.4}% 44
\BOOKMARK [1][-]{section.4.4}{Class Diagram}{chapter.4}% 45
\BOOKMARK [1][-]{section.4.5}{Sequence Diagram}{chapter.4}% 46
\BOOKMARK [1][-]{section.4.6}{Collaboration Diagram}{chapter.4}% 47
\BOOKMARK [1][-]{section.4.7}{Software Development Process}{chapter.4}% 48
\BOOKMARK [0][-]{chapter.5}{Result and Discussion}{}% 49
\BOOKMARK [1][-]{section.5.1}{Outputs}{chapter.5}% 50
\BOOKMARK [1][-]{section.5.2}{Limitation}{chapter.5}% 51
\BOOKMARK [1][-]{section.5.3}{Problems Faced}{chapter.5}% 52
\BOOKMARK [1][-]{section.5.4}{Work Schedule}{chapter.5}% 53
\BOOKMARK [0][-]{chapter.6}{Conclusion}{}% 54
\BOOKMARK [1][-]{section.6.1}{Conclusion}{chapter.6}% 55
\BOOKMARK [1][-]{section.6.2}{Future Enhancement}{chapter.6}% 56
\BOOKMARK [0][-]{section.6.2}{References}{}% 57
